<?xml version="1.0" encoding="UTF-8"?>
<testng-results skipped="0" failed="0" ignored="0" total="1" passed="1">
  <reporter-output>
  </reporter-output>
  <suite name="Command line suite" duration-ms="55" started-at="2018-12-24T08:20:55Z" finished-at="2018-12-24T08:20:55Z">
    <groups>
    </groups>
    <test name="Command line test" duration-ms="55" started-at="2018-12-24T08:20:55Z" finished-at="2018-12-24T08:20:55Z">
      <class name="com.testing.khan.mavenproject.AppTest">
        <test-method status="PASS" signature="testApp()[pri:0, instance:testApp(com.testing.khan.mavenproject.AppTest)]" name="testApp" duration-ms="5" started-at="2018-12-24T13:50:55Z" finished-at="2018-12-24T13:50:55Z">
          <reporter-output>
          </reporter-output>
        </test-method> <!-- testApp -->
      </class> <!-- com.testing.khan.mavenproject.AppTest -->
    </test> <!-- Command line test -->
  </suite> <!-- Command line suite -->
</testng-results>
