<?xml version="1.0" encoding="UTF-8"?>
<testng-results skipped="0" failed="0" ignored="0" total="1" passed="1">
  <reporter-output>
  </reporter-output>
  <suite name="Command line suite" duration-ms="60766" started-at="2018-12-24T08:19:53Z" finished-at="2018-12-24T08:20:54Z">
    <groups>
    </groups>
    <test name="Command line test" duration-ms="60766" started-at="2018-12-24T08:19:53Z" finished-at="2018-12-24T08:20:54Z">
      <class name="DriverFactory.AppTest">
        <test-method status="PASS" signature="kickStart()[pri:0, instance:DriverFactory.AppTest@783e6358]" name="kickStart" duration-ms="60624" started-at="2018-12-24T13:49:53Z" finished-at="2018-12-24T13:50:54Z">
          <reporter-output>
          </reporter-output>
        </test-method> <!-- kickStart -->
      </class> <!-- DriverFactory.AppTest -->
    </test> <!-- Command line test -->
  </suite> <!-- Command line suite -->
</testng-results>
